[    1009ms] [WARNING] gd-perf.js: Error in measure 'measure_backend_time': InvalidAccessError: Failed to execute 'measure' on 'Performance': 'responseEnd' is empty: either the event hasn't happened yet, or it would provide cross-origin timing information. @ https://www.glassdoor.com/web-core-sam/static/core-230d54c5e40c76b7.min.js:1
[    1035ms] [INFO] ⏳ measure_site_init: 994.2ms @ https://www.glassdoor.com/web-core-sam/static/core-230d54c5e40c76b7.min.js:1
[    1056ms] [INFO] ⏳ measure_core_bottom: 26.1ms @ https://www.glassdoor.com/web-core-sam/static/core-230d54c5e40c76b7.min.js:1
[    1132ms] [LOG] [experiments-client] No variant assigned to flag: oaop-logged-in-external-applies experiment:  warn @ https://www.glassdoor.com/job-search-next/assets/_next/static/chunks/7076-b1e3ba89cd31d6a7.js:0
[    1167ms] [WARNING] A preload for 'https://unpkg.com/@dotlottie/player-component@2.7.12/dist/dotlottie-player.mjs' is found, but is not used because the request credentials mode does not match. Consider taking a look at crossorigin attribute. @ https://www.glassdoor.com/job-search-next/assets/_next/static/chunks/8915-938552cb9fb5377f.js:0
[    1852ms] [LOG] {} @ :5
[    1852ms] [LOG] {user registration date: undefined, user registration month: undefined, user email id: undefined, glassdoor admin: undefined, locked state: locked} @ :5
[    1852ms] [LOG] no DL user id @ :5
[    1852ms] [LOG] no stored DL user id @ :6
[    1854ms] [LOG] [Core Web Vitals] Beginning tag 'CHTML - Core Web Vitals - Initialization' @ :0
[    1854ms] [LOG] [Core Web Vitals] Beginning to load Web Vitals script @ :0
[    1854ms] [LOG] [Core Web Vitals] Ending tag 'Core Web Vitals - Initialization' @ :7
[    1879ms] [LOG] [Core Web Vitals] webVitals and / or webVitals.flushQueue not present (K); false false @ :15
[    1908ms] [LOG] [Core Web Vitals] Loaded Web Vitals script @ :1
[    1909ms] [LOG] [Core Web Vitals] Adding to queue: {"name":"FCP","value":628,"rating":"good","delta":628,"entries":[{"name":"first-contentful-paint","entryType":"paint","startTime":628,"duration":0,"paintTime":608.6999999880791,"presentationTime":628}],"id":"v5-1778738567162-4644893805304","navigationType":"navigate"} @ :2
[    1927ms] [LOG] [Core Web Vitals] Adding to queue: {"name":"TTFB","value":541.8999999761581,"rating":"good","delta":541.8999999761581,"entries":[{"name":"https://www.glassdoor.com/job-listing/national-security-solutions-nss-internship-ai-ml-intern-kbr-JV_IC1130353_KO0,55_KE56,59.htm?jl=1010031762079","entryType":"navigation","startTime":0,"duration":1892.7999999523163,"initiatorType":"navigation","deliveryType":"","nextHopProtocol":"h3","renderBlockingStatus":"non-blocking","contentType":"text/html","contentEncoding":"br","workerStart":3.399999976158142,"workerRouterEvaluationStart":0,"workerCacheLookupStart":0,"workerMatchedSourceType":"","workerFinalSourceType":"","redirectStart":0,"redirectEnd":0,"fetchStart":3.899999976158142,"domainLookupStart":3.899999976158142,"domainLookupEnd":3.899999976158142,"connectStart":3.899999976158142,"secureConnectionStart":3.899999976158142,"connectEnd":3.899999976158142,"requestStart":6.199999988079071,"responseStart":541.8999999761581,"firstInterimResponseStart":0,"finalResponseHeadersStart":541.8999999761581,"responseEnd":1024.7999999523163,"transferSize":86213,"encodedBodySize":85913,"decodedBodySize":546520,"responseStatus":200,"serverTiming":[{"name":"cfCacheStatus","duration":0,"description":"DYNAMIC"},{"name":"cfEdge","duration":93,"description":""},{"name":"cfOrigin","duration":309,"description":""},{"name":"cfExtPri","duration":0,"description":""}],"unloadEventStart":0,"unloadEventEnd":0,"domInteractive":1055.5999999642372,"domContentLoadedEventStart":1056.0999999642372,"domContentLoadedEventEnd":1057.199999988079,"domComplete":1892.5,"loadEventStart":1892.5999999642372,"loadEventEnd":1892.7999999523163,"type":"navigate","redirectCount":0,"activationStart":0,"criticalCHRestart":0,"notRestoredReasons":null,"confidence":{"randomizedTriggerRate":0.4994798,"value":"low"}}],"id":"v5-1778738567162-1824297039068","navigationType":"navigate"} @ :2
[    2153ms] [LOG] [Amplitude SR] Appending script... @ :0
[    2464ms] [WARNING] Amplitude Logger [Warn]: [session-replay-browser] omitting selector "class*="EmployersDropdown-module__selectedEmployer"]" because it is invalid @ https://cdn.amplitude.com/libs/session-replay-browser-1.20.1-min.js.gz:0
[    2464ms] [WARNING] Amplitude Logger [Warn]: [session-replay-browser] omitting selector "class*="EmployersDropdown-module__selectedEmployer"] *" because it is invalid @ https://cdn.amplitude.com/libs/session-replay-browser-1.20.1-min.js.gz:0
[    2485ms] [WARNING] Amplitude Logger [Warn]: [session-replay-browser] omitting selector "class*="EmployersDropdown-module__selectedEmployer"]" because it is invalid @ https://cdn.amplitude.com/libs/session-replay-browser-1.20.1-min.js.gz:0
[    2485ms] [WARNING] Amplitude Logger [Warn]: [session-replay-browser] omitting selector "class*="EmployersDropdown-module__selectedEmployer"] *" because it is invalid @ https://cdn.amplitude.com/libs/session-replay-browser-1.20.1-min.js.gz:0
[    2561ms] [LOG] [experiments-client] No variant assigned to flag: web-sihp-personalized-summary experiment:  warn @ https://www.glassdoor.com/sam-global-nav/static/lib-cd40c5dacdccdd79.min.js:10
[    2561ms] [TABLE] {flag_key: web-sihp-personalized-summary, metadata: Object} @ https://www.glassdoor.com/sam-global-nav/static/lib-cd40c5dacdccdd79.min.js:10
[    2603ms] [WARNING] [GSI_LOGGER]: Your client application uses one of the Google One Tap prompt UI status methods that may stop functioning when FedCM becomes mandatory. Refer to the migration guide to update your code accordingly and opt-in to FedCM to test your changes. Learn more: https://developers.google.com/identity/gsi/web/guides/fedcm-migration?s=dc#display_moment and https://developers.google.com/identity/gsi/web/guides/fedcm-migration?s=dc#skipped_moment @ https://accounts.google.com/gsi/client:84
[    6166ms] [WARNING] The resource https://unpkg.com/@dotlottie/player-component@2.7.12/dist/dotlottie-player.mjs was preloaded using link preload but not used within a few seconds from the window's load event. Please make sure it has an appropriate `as` value and it is preloaded intentionally. @ https://www.glassdoor.com/job-listing/national-security-solutions-nss-internship-ai-ml-intern-kbr-JV_IC1130353_KO0,55_KE56,59.htm?jl=1010031762079:0
[    6166ms] [WARNING] The resource https://www.glassdoor.com/job-search-next/assets/_next/static/css/cb8cb21b78446e88.css was preloaded using link preload but not used within a few seconds from the window's load event. Please make sure it has an appropriate `as` value and it is preloaded intentionally. @ https://www.glassdoor.com/job-listing/national-security-solutions-nss-internship-ai-ml-intern-kbr-JV_IC1130353_KO0,55_KE56,59.htm?jl=1010031762079:0
[    6166ms] [WARNING] The resource https://www.glassdoor.com/job-search-next/assets/_next/static/css/3adb28ca2751ab27.css was preloaded using link preload but not used within a few seconds from the window's load event. Please make sure it has an appropriate `as` value and it is preloaded intentionally. @ https://www.glassdoor.com/job-listing/national-security-solutions-nss-internship-ai-ml-intern-kbr-JV_IC1130353_KO0,55_KE56,59.htm?jl=1010031762079:0
[    6166ms] [WARNING] The resource https://www.glassdoor.com/job-search-next/assets/_next/static/css/7310ea6a1b3252db.css was preloaded using link preload but not used within a few seconds from the window's load event. Please make sure it has an appropriate `as` value and it is preloaded intentionally. @ https://www.glassdoor.com/job-listing/national-security-solutions-nss-internship-ai-ml-intern-kbr-JV_IC1130353_KO0,55_KE56,59.htm?jl=1010031762079:0
[   21670ms] [WARNING] One Tap error {type: , errorAction: isDismissed, errorLabel: credential_returned} @ https://www.glassdoor.com/user-login-sam-server/static/unifiedUserAuth-c89cbe0a7eb24664.min.js:1
[   24245ms] [ERROR] Failed to load resource: the server responded with a status of 403 () @ https://secure.indeed.com/account/googleauth/init?oauth_client_id=f1b34f4ec61ae39f92b6e41a827bf31c642d674b150a0bf8f9cc18bbc80a1404&hl=en&co=US&continue=https%3A%2F%2Fsecure.indeed.com%2Foauth%2Fv2%2Fauthorize%3Fresponse_type%3Dcode%26client_id%3Df1b34f4ec61ae39f92b6e41a827bf31c642d674b150a0bf8f9cc18bbc80a1404%26scope%3Dopenid%2Boffline_access%2Bglassdoor.account.merge%2Bjob_seeker%26state%3D8584ca2c-e657-4a21-9e17-d1b4f7e682f7%257CONE_TAP_GOOGLE_AUTH%26redirect_uri%3Dhttps%253A%252F%252Fwww.glassdoor.com%252Fauth%252Flogin%252Foauth2%252Fcode%252Findeed%26code_challenge%3Dn4lx4nQCXn94CX9hp52RCvCkYHtNaFTwKTqP2NAam2Q%26code_challenge_method%3DS256%26auth_provider%3Dgoogle%26from%3DONE_TAP_GOOGLE_AUTH%26hl%3Den%26co%3DUS%26login_hint%3Dtahajameel381%2540gmail.com%26originationURL%3Dhttps%253A%252F%252Fwww.glassdoor.com%252Fjob-listing%252Fnational-security-solutions-nss-internship-ai-ml-intern-kbr-JV_IC1130353_KO0%252C55_KE56%252C59.htm%253Fjl%253D1010031762079%26login_attempted%3D1&__email=tahajameel381%40gmail.com&from=ONE_TAP_GOOGLE_AUTH:0
[   24445ms] [ERROR] Failed to load resource: net::ERR_BLOCKED_BY_RESPONSE.NotSameOriginAfterDefaultedToSameOriginByCoep @ https://t.indeed.com/signals/v1/log?signalAppId=cloudflare-static-pages&from=cloudflare-static-pages--captcha:0
[   25060ms] [ERROR] Failed to load resource: the server responded with a status of 404 () @ https://secure.indeed.com/favicon.ico:0
[   25112ms] [ERROR] Access to XMLHttpRequest at 'https://cloudflareinsights.com/cdn-cgi/rum' from origin 'https://secure.indeed.com' has been blocked by CORS policy: No 'Access-Control-Allow-Origin' header is present on the requested resource. @ https://secure.indeed.com/account/googleauth/init?oauth_client_id=f1b34f4ec61ae39f92b6e41a827bf31c642d674b150a0bf8f9cc18bbc80a1404&hl=en&co=US&continue=https%3A%2F%2Fsecure.indeed.com%2Foauth%2Fv2%2Fauthorize%3Fresponse_type%3Dcode%26client_id%3Df1b34f4ec61ae39f92b6e41a827bf31c642d674b150a0bf8f9cc18bbc80a1404%26scope%3Dopenid%2Boffline_access%2Bglassdoor.account.merge%2Bjob_seeker%26state%3D8584ca2c-e657-4a21-9e17-d1b4f7e682f7%257CONE_TAP_GOOGLE_AUTH%26redirect_uri%3Dhttps%253A%252F%252Fwww.glassdoor.com%252Fauth%252Flogin%252Foauth2%252Fcode%252Findeed%26code_challenge%3Dn4lx4nQCXn94CX9hp52RCvCkYHtNaFTwKTqP2NAam2Q%26code_challenge_method%3DS256%26auth_provider%3Dgoogle%26from%3DONE_TAP_GOOGLE_AUTH%26hl%3Den%26co%3DUS%26login_hint%3Dtahajameel381%2540gmail.com%26originationURL%3Dhttps%253A%252F%252Fwww.glassdoor.com%252Fjob-listing%252Fnational-security-solutions-nss-internship-ai-ml-intern-kbr-JV_IC1130353_KO0%252C55_KE56%252C59.htm%253Fjl%253D1010031762079%26login_attempted%3D1&__email=tahajameel381%40gmail.com&from=ONE_TAP_GOOGLE_AUTH:0
[   25112ms] [ERROR] Failed to load resource: net::ERR_FAILED @ https://cloudflareinsights.com/cdn-cgi/rum:0
[   26766ms] [ERROR] Permissions policy violation: xr-spatial-tracking is not allowed in this document. @ https://challenges.cloudflare.com/cdn-cgi/challenge-platform/h/b/turnstile/f/ov2/av0/rch/jlpxc/0x4AAAAAAADnPIDROrmt1Wwj/light/fbE/new/normal?lang=auto:0
[   26767ms] [ERROR] Permissions policy violation: xr-spatial-tracking is not allowed in this document. @ https://challenges.cloudflare.com/cdn-cgi/challenge-platform/h/b/turnstile/f/ov2/av0/rch/jlpxc/0x4AAAAAAADnPIDROrmt1Wwj/light/fbE/new/normal?lang=auto:0
[   27504ms] [ERROR] Failed to load resource: net::ERR_BLOCKED_BY_RESPONSE.NotSameOriginAfterDefaultedToSameOriginByCoep @ https://t.indeed.com/signals/v1/log?signalAppId=cloudflare-static-pages&from=cloudflare-static-pages--captcha:0
[   27908ms] [LOG] /.*.*=.*/ @ https://challenges.cloudflare.com/cdn-cgi/challenge-platform/h/b/turnstile/f/ov2/av0/rch/jlpxc/0x4AAAAAAADnPIDROrmt1Wwj/light/fbE/new/normal?lang=auto:0
[   27909ms] [LOG] /.*.*=.*/ @ https://challenges.cloudflare.com/cdn-cgi/challenge-platform/h/b/turnstile/f/ov2/av0/rch/jlpxc/0x4AAAAAAADnPIDROrmt1Wwj/light/fbE/new/normal?lang=auto:0
[   27910ms] [LOG] function () { [native code] } @ https://challenges.cloudflare.com/cdn-cgi/challenge-platform/h/b/turnstile/f/ov2/av0/rch/jlpxc/0x4AAAAAAADnPIDROrmt1Wwj/light/fbE/new/normal?lang=auto:0
[   27910ms] [LOG] function () { [native code] } @ https://challenges.cloudflare.com/cdn-cgi/challenge-platform/h/b/turnstile/f/ov2/av0/rch/jlpxc/0x4AAAAAAADnPIDROrmt1Wwj/light/fbE/new/normal?lang=auto:0
[   27911ms] [LOG] JSHandle@node @ https://challenges.cloudflare.com/cdn-cgi/challenge-platform/h/b/turnstile/f/ov2/av0/rch/jlpxc/0x4AAAAAAADnPIDROrmt1Wwj/light/fbE/new/normal?lang=auto:0
[   27911ms] [LOG] JSHandle@node @ https://challenges.cloudflare.com/cdn-cgi/challenge-platform/h/b/turnstile/f/ov2/av0/rch/jlpxc/0x4AAAAAAADnPIDROrmt1Wwj/light/fbE/new/normal?lang=auto:0
[   27913ms] [COUNT]  : 1 @ https://challenges.cloudflare.com/cdn-cgi/challenge-platform/h/b/turnstile/f/ov2/av0/rch/jlpxc/0x4AAAAAAADnPIDROrmt1Wwj/light/fbE/new/normal?lang=auto:0
[   27913ms] [COUNT]  : 1 @ https://challenges.cloudflare.com/cdn-cgi/challenge-platform/h/b/turnstile/f/ov2/av0/rch/jlpxc/0x4AAAAAAADnPIDROrmt1Wwj/light/fbE/new/normal?lang=auto:0
[   27915ms] [DIR]  Error @ https://challenges.cloudflare.com/cdn-cgi/challenge-platform/h/b/turnstile/f/ov2/av0/rch/jlpxc/0x4AAAAAAADnPIDROrmt1Wwj/light/fbE/new/normal?lang=auto:0
[   27915ms] [DIR]  Error @ https://challenges.cloudflare.com/cdn-cgi/challenge-platform/h/b/turnstile/f/ov2/av0/rch/jlpxc/0x4AAAAAAADnPIDROrmt1Wwj/light/fbE/new/normal?lang=auto:0
[   27916ms] [DIRXML] %c%d font-size:0;color:transparent Error @ https://challenges.cloudflare.com/cdn-cgi/challenge-platform/h/b/turnstile/f/ov2/av0/rch/jlpxc/0x4AAAAAAADnPIDROrmt1Wwj/light/fbE/new/normal?lang=auto:0
[   27916ms] [DIRXML] %c%d font-size:0;color:transparent Error @ https://challenges.cloudflare.com/cdn-cgi/challenge-platform/h/b/turnstile/f/ov2/av0/rch/jlpxc/0x4AAAAAAADnPIDROrmt1Wwj/light/fbE/new/normal?lang=auto:0
[   27917ms] [ERROR] %c%d font-size:0;color:transparent NaN @ https://challenges.cloudflare.com/cdn-cgi/challenge-platform/h/b/turnstile/f/ov2/av0/rch/jlpxc/0x4AAAAAAADnPIDROrmt1Wwj/light/fbE/new/normal?lang=auto:0
[   27917ms] [ERROR] %c%d font-size:0;color:transparent NaN @ https://challenges.cloudflare.com/cdn-cgi/challenge-platform/h/b/turnstile/f/ov2/av0/rch/jlpxc/0x4AAAAAAADnPIDROrmt1Wwj/light/fbE/new/normal?lang=auto:0
[   27918ms] [INFO] %c%d font-size:0;color:transparent NaN @ https://challenges.cloudflare.com/cdn-cgi/challenge-platform/h/b/turnstile/f/ov2/av0/rch/jlpxc/0x4AAAAAAADnPIDROrmt1Wwj/light/fbE/new/normal?lang=auto:0
[   27919ms] [INFO] %c%d font-size:0;color:transparent NaN @ https://challenges.cloudflare.com/cdn-cgi/challenge-platform/h/b/turnstile/f/ov2/av0/rch/jlpxc/0x4AAAAAAADnPIDROrmt1Wwj/light/fbE/new/normal?lang=auto:0
[   27920ms] [LOG] %c%d font-size:0;color:transparent NaN @ https://challenges.cloudflare.com/cdn-cgi/challenge-platform/h/b/turnstile/f/ov2/av0/rch/jlpxc/0x4AAAAAAADnPIDROrmt1Wwj/light/fbE/new/normal?lang=auto:0
[   27921ms] [LOG] %c%d font-size:0;color:transparent NaN @ https://challenges.cloudflare.com/cdn-cgi/challenge-platform/h/b/turnstile/f/ov2/av0/rch/jlpxc/0x4AAAAAAADnPIDROrmt1Wwj/light/fbE/new/normal?lang=auto:0
[   27921ms] [TABLE] %c%d font-size:0;color:transparent Error @ https://challenges.cloudflare.com/cdn-cgi/challenge-platform/h/b/turnstile/f/ov2/av0/rch/jlpxc/0x4AAAAAAADnPIDROrmt1Wwj/light/fbE/new/normal?lang=auto:0
[   27922ms] [TABLE] %c%d font-size:0;color:transparent Error @ https://challenges.cloudflare.com/cdn-cgi/challenge-platform/h/b/turnstile/f/ov2/av0/rch/jlpxc/0x4AAAAAAADnPIDROrmt1Wwj/light/fbE/new/normal?lang=auto:0
[   27924ms] [WARNING] %c%d font-size:0;color:transparent NaN @ https://challenges.cloudflare.com/cdn-cgi/challenge-platform/h/b/turnstile/f/ov2/av0/rch/jlpxc/0x4AAAAAAADnPIDROrmt1Wwj/light/fbE/new/normal?lang=auto:0
[   27925ms] [WARNING] %c%d font-size:0;color:transparent NaN @ https://challenges.cloudflare.com/cdn-cgi/challenge-platform/h/b/turnstile/f/ov2/av0/rch/jlpxc/0x4AAAAAAADnPIDROrmt1Wwj/light/fbE/new/normal?lang=auto:0
[   28074ms] [WARNING] Failed to parse audio contentType: audio/mp4; codecs=ac-3 @ https://challenges.cloudflare.com/cdn-cgi/challenge-platform/h/b/turnstile/f/ov2/av0/rch/jlpxc/0x4AAAAAAADnPIDROrmt1Wwj/light/fbE/new/normal?lang=auto:0
[   28075ms] [WARNING] Failed to parse audio contentType: audio/mp4; codecs=ec-3 @ https://challenges.cloudflare.com/cdn-cgi/challenge-platform/h/b/turnstile/f/ov2/av0/rch/jlpxc/0x4AAAAAAADnPIDROrmt1Wwj/light/fbE/new/normal?lang=auto:0
[   28082ms] [WARNING] Invalid (ambiguous) video codec string: video/webm; codecs=vp9 @ https://challenges.cloudflare.com/cdn-cgi/challenge-platform/h/b/turnstile/f/ov2/av0/rch/jlpxc/0x4AAAAAAADnPIDROrmt1Wwj/light/fbE/new/normal?lang=auto:0
[   28083ms] [WARNING] Failed to parse video contentType: video/ogg; codecs=theora @ https://challenges.cloudflare.com/cdn-cgi/challenge-platform/h/b/turnstile/f/ov2/av0/rch/jlpxc/0x4AAAAAAADnPIDROrmt1Wwj/light/fbE/new/normal?lang=auto:0
[   28332ms] [LOG] The next request for the Private Access Token challenge may return a 401 and show a warning in console. @ https://challenges.cloudflare.com/cdn-cgi/challenge-platform/h/b/turnstile/f/ov2/av0/rch/jlpxc/0x4AAAAAAADnPIDROrmt1Wwj/light/fbE/new/normal?lang=auto:0
[   28448ms] [ERROR] Failed to load resource: the server responded with a status of 401 () @ https://challenges.cloudflare.com/cdn-cgi/challenge-platform/h/b/pat/9fb7b2c009f8e232/1778738591614/98833d5c2b940b0f60e1f4bc3b25bd27de99c5a3deed90558534b2972a0d8311/6qXmzRX3Xys69v9:0
[   28766ms] [WARNING] Form submission canceled because the form is not connected @ https://challenges.cloudflare.com/cdn-cgi/challenge-platform/h/b/turnstile/f/ov2/av0/rch/jlpxc/0x4AAAAAAADnPIDROrmt1Wwj/light/fbE/new/normal?lang=auto:0
[   29984ms] [ERROR] This document requires 'TrustedHTML' assignment. The action has been blocked. @ https://challenges.cloudflare.com/cdn-cgi/challenge-platform/h/b/turnstile/f/ov2/av0/rch/jlpxc/0x4AAAAAAADnPIDROrmt1Wwj/light/fbE/new/normal?lang=auto:0
[   29985ms] [ERROR] This document requires 'TrustedHTML' assignment. The action has been blocked. @ https://challenges.cloudflare.com/cdn-cgi/challenge-platform/h/b/turnstile/f/ov2/av0/rch/jlpxc/0x4AAAAAAADnPIDROrmt1Wwj/light/fbE/new/normal?lang=auto:0
[   29986ms] [ERROR] This document requires 'TrustedScript' assignment. The action has been blocked. @ https://challenges.cloudflare.com/cdn-cgi/challenge-platform/h/b/turnstile/f/ov2/av0/rch/jlpxc/0x4AAAAAAADnPIDROrmt1Wwj/light/fbE/new/normal?lang=auto:0
[   29986ms] [ERROR] This document requires 'TrustedScript' assignment. The action has been blocked. @ https://challenges.cloudflare.com/cdn-cgi/challenge-platform/h/b/turnstile/f/ov2/av0/rch/jlpxc/0x4AAAAAAADnPIDROrmt1Wwj/light/fbE/new/normal?lang=auto:0
[   29986ms] [ERROR] This document requires 'TrustedScriptURL' assignment. The action has been blocked. @ https://challenges.cloudflare.com/cdn-cgi/challenge-platform/h/b/turnstile/f/ov2/av0/rch/jlpxc/0x4AAAAAAADnPIDROrmt1Wwj/light/fbE/new/normal?lang=auto:0
[   29986ms] [ERROR] This document requires 'TrustedScriptURL' assignment. The action has been blocked. @ https://challenges.cloudflare.com/cdn-cgi/challenge-platform/h/b/turnstile/f/ov2/av0/rch/jlpxc/0x4AAAAAAADnPIDROrmt1Wwj/light/fbE/new/normal?lang=auto:0
[   29999ms] [ERROR] Executing inline script violates the following Content Security Policy directive 'script-src 'nonce-ZyZqBOgD6xsTJuLh40i9cr' 'unsafe-eval''. Either the 'unsafe-inline' keyword, a hash ('sha256-eJGI0Ik4oYe/PKLDOt4wcN76wYs8h+Ew05pMzdY6xG8='), or a nonce ('nonce-...') is required to enable inline execution. The action has been blocked. @ about:srcdoc:0
[   29999ms] [ERROR] Executing inline script violates the following Content Security Policy directive 'script-src 'nonce-ZyZqBOgD6xsTJuLh40i9cr' 'unsafe-eval''. Either the 'unsafe-inline' keyword, a hash ('sha256-eJGI0Ik4oYe/PKLDOt4wcN76wYs8h+Ew05pMzdY6xG8='), or a nonce ('nonce-...') is required to enable inline execution. The action has been blocked. @ about:srcdoc:0
[   30000ms] [ERROR] This document requires 'TrustedScript' assignment. The action has been blocked. @ https://challenges.cloudflare.com/cdn-cgi/challenge-platform/h/b/turnstile/f/ov2/av0/rch/jlpxc/0x4AAAAAAADnPIDROrmt1Wwj/light/fbE/new/normal?lang=auto:0
[   30000ms] [ERROR] This document requires 'TrustedScript' assignment. The action has been blocked. @ https://challenges.cloudflare.com/cdn-cgi/challenge-platform/h/b/turnstile/f/ov2/av0/rch/jlpxc/0x4AAAAAAADnPIDROrmt1Wwj/light/fbE/new/normal?lang=auto:0
[   34541ms] [WARNING] The resource https://challenges.cloudflare.com/cdn-cgi/challenge-platform/h/b/cmg/1 was preloaded using link preload but not used within a few seconds from the window's load event. Please make sure it has an appropriate `as` value and it is preloaded intentionally. @ https://challenges.cloudflare.com/cdn-cgi/challenge-platform/h/b/turnstile/f/ov2/av0/rch/jlpxc/0x4AAAAAAADnPIDROrmt1Wwj/light/fbE/new/normal?lang=auto:0
