[     486ms] [LOG] [Core Web Vitals] Adding to queue: {"name":"INP","value":56,"rating":"good","delta":56,"entries":[{"name":"keyup","entryType":"event","startTime":45560.30000001192,"duration":56,"interactionId":3806,"processingStart":45560.5,"processingEnd":45560.69999998808,"cancelable":true}],"id":"v5-1778738503241-8633353288329","navigationType":"navigate"} @ :2
[     486ms] [LOG] [Core Web Vitals] Adding to queue: {"name":"CLS","value":0.00006601780594537499,"rating":"good","delta":0.00006601780594537499,"entries":[{"name":"","entryType":"layout-shift","startTime":4208.600000023842,"duration":0,"value":0.00006601780594537499,"hadRecentInput":false,"lastInputTime":0,"sources":[{"previousRect":{"x":671.6000366210938,"y":291.20001220703125,"width":44.79999923706055,"height":44.79999923706055,"top":291.20001220703125,"right":716.4000358581543,"bottom":336.0000114440918,"left":671.6000366210938},"currentRect":{"x":661.6000366210938,"y":291.20001220703125,"width":44.79999923706055,"height":44.79999923706055,"top":291.20001220703125,"right":706.4000358581543,"bottom":336.0000114440918,"left":661.6000366210938}}]}],"id":"v5-1778738503243-4475860060710","navigationType":"navigate"} @ :2
[     486ms] [LOG] [Core Web Vitals] Flushing queue on visibilitychange (F) @ :6
[     486ms] [LOG] [Core Web Vitals] Parsing CWV entry @ :2
[     486ms] [LOG] [Core Web Vitals] Parsing CWV entry @ :2
[     486ms] [LOG] [Core Web Vitals] Queue flushed (I) @ :3
[     529ms] [ERROR] Error retrieving a token. @ https://www.glassdoor.com/job-listing/ai-engineering-intern-summer-2026-tesla-JV_IC1147434_KO0,33_KE34,39.htm?jl=1009998835636:0
[     942ms] [INFO] ⏳ measure_backend_time: 650ms @ https://www.glassdoor.com/web-core-sam/static/core-230d54c5e40c76b7.min.js:1
[     945ms] [INFO] ⏳ measure_site_init: 933.2ms @ https://www.glassdoor.com/web-core-sam/static/core-230d54c5e40c76b7.min.js:1
[     945ms] [INFO] ⏳ measure_core_bottom: 1.7ms @ https://www.glassdoor.com/web-core-sam/static/core-230d54c5e40c76b7.min.js:1
[    1042ms] [LOG] [experiments-client] No variant assigned to flag: oaop-logged-in-external-applies experiment:  warn @ https://www.glassdoor.com/job-search-next/assets/_next/static/chunks/7076-b1e3ba89cd31d6a7.js:0
[    1124ms] Error: Minified React error #418; visit https://react.dev/errors/418?args[]=HTML&args[]= for the full message or use the non-minified dev environment for full errors and additional helpful warnings.
    at rX (https://www.glassdoor.com/job-search-next/assets/_next/static/chunks/4bd1b696-82bf947c889ae9fa.js:1:36636)
    at is (https://www.glassdoor.com/job-search-next/assets/_next/static/chunks/4bd1b696-82bf947c889ae9fa.js:1:87538)
    at sp (https://www.glassdoor.com/job-search-next/assets/_next/static/chunks/4bd1b696-82bf947c889ae9fa.js:1:128009)
    at https://www.glassdoor.com/job-search-next/assets/_next/static/chunks/4bd1b696-82bf947c889ae9fa.js:1:122899
    at sn (https://www.glassdoor.com/job-search-next/assets/_next/static/chunks/4bd1b696-82bf947c889ae9fa.js:1:123000)
    at sQ (https://www.glassdoor.com/job-search-next/assets/_next/static/chunks/4bd1b696-82bf947c889ae9fa.js:1:149520)
    at MessagePort.w (https://www.glassdoor.com/job-search-next/assets/_next/static/chunks/9826-bdf13e3f197c75b1.js:2:152816)
[    1122ms] [WARNING] A preload for 'https://unpkg.com/@dotlottie/player-component@2.7.12/dist/dotlottie-player.mjs' is found, but is not used because the request credentials mode does not match. Consider taking a look at crossorigin attribute. @ https://www.glassdoor.com/job-search-next/assets/_next/static/chunks/8915-938552cb9fb5377f.js:0
[    1834ms] [LOG] {} @ :5
[    1835ms] [LOG] {user registration date: undefined, user registration month: undefined, user email id: undefined, glassdoor admin: undefined, locked state: locked} @ :5
[    1835ms] [LOG] no DL user id @ :5
[    1835ms] [LOG] no stored DL user id @ :6
[    1839ms] [LOG] [Core Web Vitals] Beginning tag 'CHTML - Core Web Vitals - Initialization' @ :0
[    1839ms] [LOG] [Core Web Vitals] Beginning to load Web Vitals script @ :0
[    1840ms] [LOG] [Core Web Vitals] Ending tag 'Core Web Vitals - Initialization' @ :7
[    1869ms] [LOG] [Core Web Vitals] webVitals and / or webVitals.flushQueue not present (K); false false @ :15
[    1924ms] [LOG] [Core Web Vitals] Loaded Web Vitals script @ :1
[    1924ms] [LOG] [Core Web Vitals] Adding to queue: {"name":"FCP","value":808,"rating":"good","delta":808,"entries":[{"name":"first-contentful-paint","entryType":"paint","startTime":808,"duration":0,"paintTime":725.2000000476837,"presentationTime":808}],"id":"v5-1778738545668-3834100717356","navigationType":"navigate"} @ :2
[    2338ms] [LOG] [Core Web Vitals] Adding to queue: {"name":"TTFB","value":466.30000001192093,"rating":"good","delta":466.30000001192093,"entries":[{"name":"https://www.glassdoor.com/job-listing/ai-engineering-intern-summer-2026-tesla-JV_IC1147434_KO0,33_KE34,39.htm?jl=1009998835636","entryType":"navigation","startTime":0,"duration":2291.2000000476837,"initiatorType":"navigation","deliveryType":"","nextHopProtocol":"h3","renderBlockingStatus":"non-blocking","contentType":"text/html","contentEncoding":"br","workerStart":4.700000047683716,"workerRouterEvaluationStart":0,"workerCacheLookupStart":0,"workerMatchedSourceType":"","workerFinalSourceType":"","redirectStart":0,"redirectEnd":0,"fetchStart":8.600000023841858,"domainLookupStart":8.600000023841858,"domainLookupEnd":8.600000023841858,"connectStart":8.600000023841858,"secureConnectionStart":8.600000023841858,"connectEnd":8.600000023841858,"requestStart":12.600000023841858,"responseStart":466.30000001192093,"firstInterimResponseStart":0,"finalResponseHeadersStart":466.30000001192093,"responseEnd":649.6000000238419,"transferSize":85889,"encodedBodySize":85589,"decodedBodySize":540950,"responseStatus":200,"serverTiming":[{"name":"cfCacheStatus","duration":0,"description":"DYNAMIC"},{"name":"cfEdge","duration":99,"description":""},{"name":"cfOrigin","duration":246,"description":""},{"name":"cfExtPri","duration":0,"description":""}],"unloadEventStart":484.7000000476837,"unloadEventEnd":484.7000000476837,"domInteractive":751.3000000119209,"domContentLoadedEventStart":833.9000000357628,"domContentLoadedEventEnd":834,"domComplete":2290.800000011921,"loadEventStart":2290.900000035763,"loadEventEnd":2291.2000000476837,"type":"navigate","redirectCount":0,"activationStart":0,"criticalCHRestart":0,"notRestoredReasons":null,"confidence":{"randomizedTriggerRate":0.4994798,"value":"low"}}],"id":"v5-1778738545668-6565357143219","navigationType":"navigate"} @ :2
[    2614ms] [LOG] [Amplitude SR] Appending script... @ :0
[    2903ms] [LOG] [experiments-client] No variant assigned to flag: web-sihp-personalized-summary experiment:  warn @ https://www.glassdoor.com/sam-global-nav/static/lib-cd40c5dacdccdd79.min.js:10
[    2903ms] [TABLE] {flag_key: web-sihp-personalized-summary, metadata: Object} @ https://www.glassdoor.com/sam-global-nav/static/lib-cd40c5dacdccdd79.min.js:10
[    2925ms] [WARNING] Amplitude Logger [Warn]: [session-replay-browser] omitting selector "class*="EmployersDropdown-module__selectedEmployer"]" because it is invalid @ https://cdn.amplitude.com/libs/session-replay-browser-1.20.1-min.js.gz:0
[    2925ms] [WARNING] Amplitude Logger [Warn]: [session-replay-browser] omitting selector "class*="EmployersDropdown-module__selectedEmployer"] *" because it is invalid @ https://cdn.amplitude.com/libs/session-replay-browser-1.20.1-min.js.gz:0
[    2940ms] [WARNING] [GSI_LOGGER]: Your client application uses one of the Google One Tap prompt UI status methods that may stop functioning when FedCM becomes mandatory. Refer to the migration guide to update your code accordingly and opt-in to FedCM to test your changes. Learn more: https://developers.google.com/identity/gsi/web/guides/fedcm-migration?s=dc#display_moment and https://developers.google.com/identity/gsi/web/guides/fedcm-migration?s=dc#skipped_moment @ https://accounts.google.com/gsi/client:84
[    2984ms] [WARNING] Amplitude Logger [Warn]: [session-replay-browser] omitting selector "class*="EmployersDropdown-module__selectedEmployer"]" because it is invalid @ https://cdn.amplitude.com/libs/session-replay-browser-1.20.1-min.js.gz:0
[    2984ms] [WARNING] Amplitude Logger [Warn]: [session-replay-browser] omitting selector "class*="EmployersDropdown-module__selectedEmployer"] *" because it is invalid @ https://cdn.amplitude.com/libs/session-replay-browser-1.20.1-min.js.gz:0
[    7428ms] [WARNING] The resource https://unpkg.com/@dotlottie/player-component@2.7.12/dist/dotlottie-player.mjs was preloaded using link preload but not used within a few seconds from the window's load event. Please make sure it has an appropriate `as` value and it is preloaded intentionally. @ https://www.glassdoor.com/job-listing/ai-engineering-intern-summer-2026-tesla-JV_IC1147434_KO0,33_KE34,39.htm?jl=1009998835636:0
[    7428ms] [WARNING] The resource https://www.glassdoor.com/job-search-next/assets/_next/static/css/cb8cb21b78446e88.css was preloaded using link preload but not used within a few seconds from the window's load event. Please make sure it has an appropriate `as` value and it is preloaded intentionally. @ https://www.glassdoor.com/job-listing/ai-engineering-intern-summer-2026-tesla-JV_IC1147434_KO0,33_KE34,39.htm?jl=1009998835636:0
[    7428ms] [WARNING] The resource https://www.glassdoor.com/job-search-next/assets/_next/static/css/3adb28ca2751ab27.css was preloaded using link preload but not used within a few seconds from the window's load event. Please make sure it has an appropriate `as` value and it is preloaded intentionally. @ https://www.glassdoor.com/job-listing/ai-engineering-intern-summer-2026-tesla-JV_IC1147434_KO0,33_KE34,39.htm?jl=1009998835636:0
[    7428ms] [WARNING] The resource https://www.glassdoor.com/job-search-next/assets/_next/static/css/7310ea6a1b3252db.css was preloaded using link preload but not used within a few seconds from the window's load event. Please make sure it has an appropriate `as` value and it is preloaded intentionally. @ https://www.glassdoor.com/job-listing/ai-engineering-intern-summer-2026-tesla-JV_IC1147434_KO0,33_KE34,39.htm?jl=1009998835636:0
